2022-05-22 22:45:43,431 CRITICAL client_conf_log.py Критическая ошибка
2022-05-22 22:45:43,431 ERROR client_conf_log.py Ошибка
2022-05-22 22:45:43,431 DEBUG client_conf_log.py Отладочная информация
2022-05-22 22:45:43,431 INFO client_conf_log.py Информационное сообщение
2022-05-23 21:36:56,566 CRITICAL client_conf_log.py Критическая ошибка
2022-05-23 21:36:56,566 ERROR client_conf_log.py Ошибка
2022-05-23 21:36:56,566 DEBUG client_conf_log.py Отладочная информация
2022-05-23 21:36:56,566 INFO client_conf_log.py Информационное сообщение
2022-05-25 21:20:36,884 CRITICAL client_conf_log.py Критическая ошибка
2022-05-25 21:20:36,884 ERROR client_conf_log.py Ошибка
2022-05-25 21:20:36,884 DEBUG client_conf_log.py Отладочная информация
2022-05-25 21:20:36,884 INFO client_conf_log.py Информационное сообщение
2022-05-25 21:20:48,765 DEBUG client.py Была вызвана функция create_arg_parser c параметрами (), {}. Вызов из модуля __main__. Вызов из функции main().Вызов из функции main
2022-05-25 21:20:48,765 INFO client.py Запущен клиент с парамертами: адрес сервера: 127.0.0.1, порт: 7777
2022-05-25 21:20:50,804 CRITICAL client.py Не удалось подключиться к серверу 127.0.0.1:7777, конечный компьютер отверг запрос на подключение.
2022-05-25 21:22:51,716 DEBUG client.py Была вызвана функция create_arg_parser c параметрами (), {}. Вызов из модуля __main__. Вызов из функции main().Вызов из функции main
2022-05-25 21:22:51,716 INFO client.py Запущен клиент с парамертами: адрес сервера: 127.0.0.1, порт: 7777
2022-05-25 21:22:53,772 CRITICAL client.py Не удалось подключиться к серверу 127.0.0.1:7777, конечный компьютер отверг запрос на подключение.
2022-05-25 21:22:58,451 DEBUG server.py Была вызвана функция create_arg_parser c параметрами (), {}. Вызов из модуля __main__. Вызов из функции main().Вызов из функции main
2022-05-25 21:23:02,586 DEBUG client.py Была вызвана функция create_arg_parser c параметрами (), {}. Вызов из модуля __main__. Вызов из функции main().Вызов из функции main
2022-05-25 21:23:02,586 INFO client.py Запущен клиент с парамертами: адрес сервера: 127.0.0.1, порт: 7777
2022-05-25 21:23:02,586 DEBUG client.py Сформировано presence сообщение для пользователя Guest
2022-05-25 21:23:02,586 DEBUG client.py Была вызвана функция create_presence c параметрами (), {}. Вызов из модуля __main__. Вызов из функции main().Вызов из функции main
2022-05-25 21:23:02,586 DEBUG server.py Была вызвана функция process_client_message c параметрами ({'action': 'presence', 'time': 1653502982.586979, 'user': {'account_name': 'Guest'}},), {}. Вызов из модуля __main__. Вызов из функции main().Вызов из функции main
2022-05-25 21:23:02,586 DEBUG client.py Разбор сообщения от сервера: {'response': 200}
2022-05-25 21:23:02,586 DEBUG client.py Была вызвана функция process_ans c параметрами ({'response': 200},), {}. Вызов из модуля __main__. Вызов из функции main().Вызов из функции main
2022-05-25 21:23:02,586 INFO client.py Принят ответ от сервера 200 : OK
